2021-06-11T06:48:59,895 [main] INFO  com.upgrad.inventoryservice.InventoryService - Starting InventoryService v1.0-SNAPSHOT using Java 11.0.11 on a4be6c8cc3dc with PID 1 (/inventory-service.jar started by root in /)
2021-06-11T06:48:59,981 [main] DEBUG com.upgrad.inventoryservice.InventoryService - Running with Spring Boot v2.4.5, Spring v5.3.6
2021-06-11T06:48:59,983 [main] INFO  com.upgrad.inventoryservice.InventoryService - No active profile set, falling back to default profiles: default
2021-06-11T06:49:02,247 [main] INFO  com.upgrad.inventoryservice.InventoryService - Started InventoryService in 3.148 seconds (JVM running for 6.65)
2021-06-11T07:00:40,245 [main] INFO  com.upgrad.inventoryservice.InventoryService - Starting InventoryService v1.0-SNAPSHOT using Java 11.0.11 on 478099d13dfd with PID 1 (/inventory-service.jar started by root in /)
2021-06-11T07:00:40,279 [main] DEBUG com.upgrad.inventoryservice.InventoryService - Running with Spring Boot v2.4.5, Spring v5.3.6
2021-06-11T07:00:40,283 [main] INFO  com.upgrad.inventoryservice.InventoryService - No active profile set, falling back to default profiles: default
2021-06-11T07:00:43,872 [main] INFO  com.upgrad.inventoryservice.InventoryService - Started InventoryService in 5.153 seconds (JVM running for 8.553)
2021-06-11T07:03:59,376 [main] INFO  com.upgrad.inventoryservice.InventoryService - Starting InventoryService v1.0-SNAPSHOT using Java 11.0.11 on 9566a87e4dc4 with PID 1 (/inventory-service.jar started by root in /)
2021-06-11T07:03:59,400 [main] DEBUG com.upgrad.inventoryservice.InventoryService - Running with Spring Boot v2.4.5, Spring v5.3.6
2021-06-11T07:03:59,409 [main] INFO  com.upgrad.inventoryservice.InventoryService - No active profile set, falling back to default profiles: default
2021-06-11T07:04:03,101 [main] INFO  com.upgrad.inventoryservice.InventoryService - Started InventoryService in 4.349 seconds (JVM running for 6.857)
2021-06-11T07:06:49,323 [main] INFO  com.upgrad.inventoryservice.InventoryService - Starting InventoryService v1.0-SNAPSHOT using Java 11.0.11 on 693574f7633c with PID 1 (/inventory-service.jar started by root in /)
2021-06-11T07:06:49,346 [main] DEBUG com.upgrad.inventoryservice.InventoryService - Running with Spring Boot v2.4.5, Spring v5.3.6
2021-06-11T07:06:49,348 [main] INFO  com.upgrad.inventoryservice.InventoryService - No active profile set, falling back to default profiles: default
2021-06-11T07:06:52,575 [main] INFO  com.upgrad.inventoryservice.InventoryService - Started InventoryService in 3.934 seconds (JVM running for 6.365)
2021-06-11T07:10:28,420 [main] INFO  com.upgrad.inventoryservice.InventoryService - Starting InventoryService v1.0-SNAPSHOT using Java 11.0.11 on 6afd1b4389e4 with PID 1 (/inventory-service.jar started by root in /)
2021-06-11T07:10:28,439 [main] DEBUG com.upgrad.inventoryservice.InventoryService - Running with Spring Boot v2.4.5, Spring v5.3.6
2021-06-11T07:10:28,442 [main] INFO  com.upgrad.inventoryservice.InventoryService - No active profile set, falling back to default profiles: default
2021-06-11T07:10:34,964 [main] INFO  com.upgrad.inventoryservice.InventoryService - Started InventoryService in 7.726 seconds (JVM running for 11.068)
2021-06-11T07:19:19,923 [http-nio-8070-exec-5] INFO  com.upgrad.inventoryservice.controller.InventoryController - Fetching details for Item=300
2021-06-11T07:19:31,412 [http-nio-8070-exec-6] INFO  com.upgrad.inventoryservice.controller.InventoryController - Fetching details for Item=500
2021-06-11T07:19:31,415 [http-nio-8070-exec-6] ERROR com.upgrad.inventoryservice.controller.InventoryController - Exception in fetching details for Item=500
com.upgrad.inventoryservice.model.InventoryException: Item not available
	at com.upgrad.inventoryservice.service.InventoryServiceImpl.getPrice(InventoryServiceImpl.java:14) ~[classes!/:1.0-SNAPSHOT]
	at com.upgrad.inventoryservice.controller.InventoryController.getItem(InventoryController.java:30) [classes!/:1.0-SNAPSHOT]
	at jdk.internal.reflect.NativeMethodAccessorImpl.invoke0(Native Method) ~[?:?]
	at jdk.internal.reflect.NativeMethodAccessorImpl.invoke(NativeMethodAccessorImpl.java:62) ~[?:?]
	at jdk.internal.reflect.DelegatingMethodAccessorImpl.invoke(DelegatingMethodAccessorImpl.java:43) ~[?:?]
	at java.lang.reflect.Method.invoke(Method.java:566) ~[?:?]
	at org.springframework.web.method.support.InvocableHandlerMethod.doInvoke(InvocableHandlerMethod.java:197) [spring-web-5.3.6.jar!/:5.3.6]
	at org.springframework.web.method.support.InvocableHandlerMethod.invokeForRequest(InvocableHandlerMethod.java:141) [spring-web-5.3.6.jar!/:5.3.6]
	at org.springframework.web.servlet.mvc.method.annotation.ServletInvocableHandlerMethod.invokeAndHandle(ServletInvocableHandlerMethod.java:106) [spring-webmvc-5.3.6.jar!/:5.3.6]
	at org.springframework.web.servlet.mvc.method.annotation.RequestMappingHandlerAdapter.invokeHandlerMethod(RequestMappingHandlerAdapter.java:894) [spring-webmvc-5.3.6.jar!/:5.3.6]
	at org.springframework.web.servlet.mvc.method.annotation.RequestMappingHandlerAdapter.handleInternal(RequestMappingHandlerAdapter.java:808) [spring-webmvc-5.3.6.jar!/:5.3.6]
	at org.springframework.web.servlet.mvc.method.AbstractHandlerMethodAdapter.handle(AbstractHandlerMethodAdapter.java:87) [spring-webmvc-5.3.6.jar!/:5.3.6]
	at org.springframework.web.servlet.DispatcherServlet.doDispatch(DispatcherServlet.java:1060) [spring-webmvc-5.3.6.jar!/:5.3.6]
	at org.springframework.web.servlet.DispatcherServlet.doService(DispatcherServlet.java:962) [spring-webmvc-5.3.6.jar!/:5.3.6]
	at org.springframework.web.servlet.FrameworkServlet.processRequest(FrameworkServlet.java:1006) [spring-webmvc-5.3.6.jar!/:5.3.6]
	at org.springframework.web.servlet.FrameworkServlet.doGet(FrameworkServlet.java:898) [spring-webmvc-5.3.6.jar!/:5.3.6]
	at javax.servlet.http.HttpServlet.service(HttpServlet.java:626) [tomcat-embed-core-9.0.45.jar!/:?]
	at org.springframework.web.servlet.FrameworkServlet.service(FrameworkServlet.java:883) [spring-webmvc-5.3.6.jar!/:5.3.6]
	at javax.servlet.http.HttpServlet.service(HttpServlet.java:733) [tomcat-embed-core-9.0.45.jar!/:?]
	at org.apache.catalina.core.ApplicationFilterChain.internalDoFilter(ApplicationFilterChain.java:227) [tomcat-embed-core-9.0.45.jar!/:?]
	at org.apache.catalina.core.ApplicationFilterChain.doFilter(ApplicationFilterChain.java:162) [tomcat-embed-core-9.0.45.jar!/:?]
	at org.apache.tomcat.websocket.server.WsFilter.doFilter(WsFilter.java:53) [tomcat-embed-websocket-9.0.45.jar!/:?]
	at org.apache.catalina.core.ApplicationFilterChain.internalDoFilter(ApplicationFilterChain.java:189) [tomcat-embed-core-9.0.45.jar!/:?]
	at org.apache.catalina.core.ApplicationFilterChain.doFilter(ApplicationFilterChain.java:162) [tomcat-embed-core-9.0.45.jar!/:?]
	at org.springframework.web.filter.RequestContextFilter.doFilterInternal(RequestContextFilter.java:100) [spring-web-5.3.6.jar!/:5.3.6]
	at org.springframework.web.filter.OncePerRequestFilter.doFilter(OncePerRequestFilter.java:119) [spring-web-5.3.6.jar!/:5.3.6]
	at org.apache.catalina.core.ApplicationFilterChain.internalDoFilter(ApplicationFilterChain.java:189) [tomcat-embed-core-9.0.45.jar!/:?]
	at org.apache.catalina.core.ApplicationFilterChain.doFilter(ApplicationFilterChain.java:162) [tomcat-embed-core-9.0.45.jar!/:?]
	at org.springframework.web.filter.FormContentFilter.doFilterInternal(FormContentFilter.java:93) [spring-web-5.3.6.jar!/:5.3.6]
	at org.springframework.web.filter.OncePerRequestFilter.doFilter(OncePerRequestFilter.java:119) [spring-web-5.3.6.jar!/:5.3.6]
	at org.apache.catalina.core.ApplicationFilterChain.internalDoFilter(ApplicationFilterChain.java:189) [tomcat-embed-core-9.0.45.jar!/:?]
	at org.apache.catalina.core.ApplicationFilterChain.doFilter(ApplicationFilterChain.java:162) [tomcat-embed-core-9.0.45.jar!/:?]
	at org.springframework.boot.actuate.metrics.web.servlet.WebMvcMetricsFilter.doFilterInternal(WebMvcMetricsFilter.java:93) [spring-boot-actuator-2.4.5.jar!/:2.4.5]
	at org.springframework.web.filter.OncePerRequestFilter.doFilter(OncePerRequestFilter.java:119) [spring-web-5.3.6.jar!/:5.3.6]
	at org.apache.catalina.core.ApplicationFilterChain.internalDoFilter(ApplicationFilterChain.java:189) [tomcat-embed-core-9.0.45.jar!/:?]
	at org.apache.catalina.core.ApplicationFilterChain.doFilter(ApplicationFilterChain.java:162) [tomcat-embed-core-9.0.45.jar!/:?]
	at org.springframework.web.filter.CharacterEncodingFilter.doFilterInternal(CharacterEncodingFilter.java:201) [spring-web-5.3.6.jar!/:5.3.6]
	at org.springframework.web.filter.OncePerRequestFilter.doFilter(OncePerRequestFilter.java:119) [spring-web-5.3.6.jar!/:5.3.6]
	at org.apache.catalina.core.ApplicationFilterChain.internalDoFilter(ApplicationFilterChain.java:189) [tomcat-embed-core-9.0.45.jar!/:?]
	at org.apache.catalina.core.ApplicationFilterChain.doFilter(ApplicationFilterChain.java:162) [tomcat-embed-core-9.0.45.jar!/:?]
	at io.opentracing.contrib.web.servlet.filter.TracingFilter.doFilter(TracingFilter.java:189) [opentracing-web-servlet-filter-0.4.0.jar!/:?]
	at org.apache.catalina.core.ApplicationFilterChain.internalDoFilter(ApplicationFilterChain.java:189) [tomcat-embed-core-9.0.45.jar!/:?]
	at org.apache.catalina.core.ApplicationFilterChain.doFilter(ApplicationFilterChain.java:162) [tomcat-embed-core-9.0.45.jar!/:?]
	at org.apache.catalina.core.StandardWrapperValve.invoke(StandardWrapperValve.java:202) [tomcat-embed-core-9.0.45.jar!/:?]
	at org.apache.catalina.core.StandardContextValve.invoke(StandardContextValve.java:97) [tomcat-embed-core-9.0.45.jar!/:?]
	at org.apache.catalina.authenticator.AuthenticatorBase.invoke(AuthenticatorBase.java:542) [tomcat-embed-core-9.0.45.jar!/:?]
	at org.apache.catalina.core.StandardHostValve.invoke(StandardHostValve.java:143) [tomcat-embed-core-9.0.45.jar!/:?]
	at org.apache.catalina.valves.ErrorReportValve.invoke(ErrorReportValve.java:92) [tomcat-embed-core-9.0.45.jar!/:?]
	at org.apache.catalina.core.StandardEngineValve.invoke(StandardEngineValve.java:78) [tomcat-embed-core-9.0.45.jar!/:?]
	at org.apache.catalina.connector.CoyoteAdapter.service(CoyoteAdapter.java:357) [tomcat-embed-core-9.0.45.jar!/:?]
	at org.apache.coyote.http11.Http11Processor.service(Http11Processor.java:374) [tomcat-embed-core-9.0.45.jar!/:?]
	at org.apache.coyote.AbstractProcessorLight.process(AbstractProcessorLight.java:65) [tomcat-embed-core-9.0.45.jar!/:?]
	at org.apache.coyote.AbstractProtocol$ConnectionHandler.process(AbstractProtocol.java:893) [tomcat-embed-core-9.0.45.jar!/:?]
	at org.apache.tomcat.util.net.NioEndpoint$SocketProcessor.doRun(NioEndpoint.java:1707) [tomcat-embed-core-9.0.45.jar!/:?]
	at org.apache.tomcat.util.net.SocketProcessorBase.run(SocketProcessorBase.java:49) [tomcat-embed-core-9.0.45.jar!/:?]
	at java.util.concurrent.ThreadPoolExecutor.runWorker(ThreadPoolExecutor.java:1128) [?:?]
	at java.util.concurrent.ThreadPoolExecutor$Worker.run(ThreadPoolExecutor.java:628) [?:?]
	at org.apache.tomcat.util.threads.TaskThread$WrappingRunnable.run(TaskThread.java:61) [tomcat-embed-core-9.0.45.jar!/:?]
	at java.lang.Thread.run(Thread.java:829) [?:?]
2021-06-11T07:19:39,052 [http-nio-8070-exec-8] INFO  com.upgrad.inventoryservice.controller.InventoryController - Fetching details for Item=300
2022-05-31T00:08:43,260 [main] INFO  com.upgrad.inventoryservice.InventoryService - Starting InventoryService using Java 11.0.13 on LAPTOP-9TI9S8AT with PID 5496 (C:\upgard\C3-handson\M3\ecommerce\inventory-service\target\classes started by samue in C:\upgard\C3-handson\M3\ecommerce)
2022-05-31T00:08:43,265 [main] DEBUG com.upgrad.inventoryservice.InventoryService - Running with Spring Boot v2.4.5, Spring v5.3.6
2022-05-31T00:08:43,265 [main] INFO  com.upgrad.inventoryservice.InventoryService - No active profile set, falling back to default profiles: default
2022-05-31T00:08:44,627 [main] INFO  com.upgrad.inventoryservice.InventoryService - Started InventoryService in 1.628 seconds (JVM running for 2.906)
2022-05-30T19:56:42,578 [main] INFO  com.upgrad.inventoryservice.InventoryService - Starting InventoryService v1.0-SNAPSHOT using Java 11.0.15 on 9a1680d23f3c with PID 1 (/inventory-service.jar started by root in /)
2022-05-30T19:56:42,591 [main] DEBUG com.upgrad.inventoryservice.InventoryService - Running with Spring Boot v2.4.5, Spring v5.3.6
2022-05-30T19:56:42,593 [main] INFO  com.upgrad.inventoryservice.InventoryService - No active profile set, falling back to default profiles: default
2022-05-30T19:56:46,196 [main] INFO  com.upgrad.inventoryservice.InventoryService - Started InventoryService in 4.156 seconds (JVM running for 5.899)
2022-05-30T20:31:53,497 [main] INFO  com.upgrad.inventoryservice.InventoryService - Starting InventoryService v1.0-SNAPSHOT using Java 11.0.15 on 2fad777a2349 with PID 1 (/inventory-service.jar started by root in /)
2022-05-30T20:31:53,547 [main] DEBUG com.upgrad.inventoryservice.InventoryService - Running with Spring Boot v2.4.5, Spring v5.3.6
2022-05-30T20:31:53,557 [main] INFO  com.upgrad.inventoryservice.InventoryService - No active profile set, falling back to default profiles: default
2022-05-30T20:32:01,151 [main] INFO  com.upgrad.inventoryservice.InventoryService - Started InventoryService in 9.506 seconds (JVM running for 12.718)
2022-05-30T20:37:42,905 [main] INFO  com.upgrad.inventoryservice.InventoryService - Starting InventoryService v1.0-SNAPSHOT using Java 11.0.15 on 3030863d20bf with PID 1 (/inventory-service.jar started by root in /)
2022-05-30T20:37:42,932 [main] DEBUG com.upgrad.inventoryservice.InventoryService - Running with Spring Boot v2.4.5, Spring v5.3.6
2022-05-30T20:37:42,941 [main] INFO  com.upgrad.inventoryservice.InventoryService - No active profile set, falling back to default profiles: default
2022-05-30T20:37:50,356 [main] INFO  com.upgrad.inventoryservice.InventoryService - Started InventoryService in 9.074 seconds (JVM running for 12.298)
2022-05-30T20:40:54,994 [main] INFO  com.upgrad.inventoryservice.InventoryService - Starting InventoryService v1.0-SNAPSHOT using Java 11.0.15 on 3030863d20bf with PID 1 (/inventory-service.jar started by root in /)
2022-05-30T20:40:55,044 [main] DEBUG com.upgrad.inventoryservice.InventoryService - Running with Spring Boot v2.4.5, Spring v5.3.6
2022-05-30T20:40:55,046 [main] INFO  com.upgrad.inventoryservice.InventoryService - No active profile set, falling back to default profiles: default
2022-05-30T20:41:02,463 [main] INFO  com.upgrad.inventoryservice.InventoryService - Started InventoryService in 8.363 seconds (JVM running for 11.026)
2022-05-30T20:53:04,705 [main] INFO  com.upgrad.inventoryservice.InventoryService - Starting InventoryService v1.0-SNAPSHOT using Java 11.0.15 on 62d28a1a38aa with PID 1 (/inventory-service.jar started by root in /)
2022-05-30T20:53:04,723 [main] DEBUG com.upgrad.inventoryservice.InventoryService - Running with Spring Boot v2.4.5, Spring v5.3.6
2022-05-30T20:53:04,725 [main] INFO  com.upgrad.inventoryservice.InventoryService - No active profile set, falling back to default profiles: default
2022-05-30T20:53:12,437 [main] INFO  com.upgrad.inventoryservice.InventoryService - Started InventoryService in 8.976 seconds (JVM running for 11.935)
2022-05-30T20:54:49,066 [main] INFO  com.upgrad.inventoryservice.InventoryService - Starting InventoryService v1.0-SNAPSHOT using Java 11.0.15 on 62d28a1a38aa with PID 1 (/inventory-service.jar started by root in /)
2022-05-30T20:54:49,093 [main] DEBUG com.upgrad.inventoryservice.InventoryService - Running with Spring Boot v2.4.5, Spring v5.3.6
2022-05-30T20:54:49,104 [main] INFO  com.upgrad.inventoryservice.InventoryService - No active profile set, falling back to default profiles: default
2022-05-30T20:54:56,941 [main] INFO  com.upgrad.inventoryservice.InventoryService - Started InventoryService in 9.283 seconds (JVM running for 12.352)
2022-05-30T21:00:37,399 [main] INFO  com.upgrad.inventoryservice.InventoryService - Starting InventoryService v1.0-SNAPSHOT using Java 11.0.15 on 491015284c02 with PID 1 (/inventory-service.jar started by root in /)
2022-05-30T21:00:37,421 [main] DEBUG com.upgrad.inventoryservice.InventoryService - Running with Spring Boot v2.4.5, Spring v5.3.6
2022-05-30T21:00:37,423 [main] INFO  com.upgrad.inventoryservice.InventoryService - No active profile set, falling back to default profiles: default
2022-05-30T21:00:45,721 [main] INFO  com.upgrad.inventoryservice.InventoryService - Started InventoryService in 9.621 seconds (JVM running for 12.737)
2022-05-30T21:10:12,324 [main] INFO  com.upgrad.inventoryservice.InventoryService - Starting InventoryService v1.0-SNAPSHOT using Java 11.0.15 on 491015284c02 with PID 1 (/inventory-service.jar started by root in /)
2022-05-30T21:10:12,470 [main] DEBUG com.upgrad.inventoryservice.InventoryService - Running with Spring Boot v2.4.5, Spring v5.3.6
2022-05-30T21:10:12,475 [main] INFO  com.upgrad.inventoryservice.InventoryService - No active profile set, falling back to default profiles: default
2022-05-30T21:10:20,379 [main] INFO  com.upgrad.inventoryservice.InventoryService - Started InventoryService in 9.391 seconds (JVM running for 12.624)
2022-05-31T02:42:08,161 [main] INFO  com.upgrad.inventoryservice.InventoryService - Starting InventoryService using Java 11.0.13 on LAPTOP-9TI9S8AT with PID 18564 (C:\upgard\C3-handson\M3\ecommerce\inventory-service\target\classes started by samue in C:\upgard\C3-handson\M3\ecommerce)
2022-05-31T02:42:08,178 [main] DEBUG com.upgrad.inventoryservice.InventoryService - Running with Spring Boot v2.4.5, Spring v5.3.6
2022-05-31T02:42:08,178 [main] INFO  com.upgrad.inventoryservice.InventoryService - No active profile set, falling back to default profiles: default
2022-05-31T02:42:09,811 [main] INFO  com.upgrad.inventoryservice.InventoryService - Started InventoryService in 2.031 seconds (JVM running for 3.769)
2022-05-30T21:16:32,945 [main] INFO  com.upgrad.inventoryservice.InventoryService - Starting InventoryService v1.0-SNAPSHOT using Java 11.0.15 on 8e1714c9b661 with PID 1 (/inventory-service.jar started by root in /)
2022-05-30T21:16:32,989 [main] DEBUG com.upgrad.inventoryservice.InventoryService - Running with Spring Boot v2.4.5, Spring v5.3.6
2022-05-30T21:16:32,995 [main] INFO  com.upgrad.inventoryservice.InventoryService - No active profile set, falling back to default profiles: default
2022-05-30T21:16:40,121 [main] INFO  com.upgrad.inventoryservice.InventoryService - Started InventoryService in 8.645 seconds (JVM running for 11.854)
2022-05-30T21:19:46,856 [main] INFO  com.upgrad.inventoryservice.InventoryService - Starting InventoryService v1.0-SNAPSHOT using Java 11.0.15 on 5f10bd301f61 with PID 1 (/inventory-service.jar started by root in /)
2022-05-30T21:19:46,886 [main] DEBUG com.upgrad.inventoryservice.InventoryService - Running with Spring Boot v2.4.5, Spring v5.3.6
2022-05-30T21:19:46,898 [main] INFO  com.upgrad.inventoryservice.InventoryService - No active profile set, falling back to default profiles: default
2022-05-30T21:19:54,525 [main] INFO  com.upgrad.inventoryservice.InventoryService - Started InventoryService in 8.882 seconds (JVM running for 11.99)
2022-05-31T05:19:30,142 [main] INFO  com.upgrad.inventoryservice.InventoryService - Starting InventoryService v1.0-SNAPSHOT using Java 11.0.15 on ba60587733b8 with PID 1 (/inventory-service.jar started by root in /)
2022-05-31T05:19:30,180 [main] DEBUG com.upgrad.inventoryservice.InventoryService - Running with Spring Boot v2.4.5, Spring v5.3.6
2022-05-31T05:19:30,183 [main] INFO  com.upgrad.inventoryservice.InventoryService - No active profile set, falling back to default profiles: default
2022-05-31T05:19:38,516 [main] INFO  com.upgrad.inventoryservice.InventoryService - Started InventoryService in 9.59 seconds (JVM running for 12.483)
2022-05-31T05:27:34,382 [main] INFO  com.upgrad.inventoryservice.InventoryService - Starting InventoryService v1.0-SNAPSHOT using Java 11.0.15 on ba60587733b8 with PID 1 (/inventory-service.jar started by root in /)
2022-05-31T05:27:34,456 [main] DEBUG com.upgrad.inventoryservice.InventoryService - Running with Spring Boot v2.4.5, Spring v5.3.6
2022-05-31T05:27:34,459 [main] INFO  com.upgrad.inventoryservice.InventoryService - No active profile set, falling back to default profiles: default
2022-05-31T05:27:42,654 [main] INFO  com.upgrad.inventoryservice.InventoryService - Started InventoryService in 9.601 seconds (JVM running for 12.434)
2022-05-31T05:37:53,199 [main] INFO  com.upgrad.inventoryservice.InventoryService - Starting InventoryService v1.0-SNAPSHOT using Java 11.0.15 on e77e6a279844 with PID 1 (/inventory-service.jar started by root in /)
2022-05-31T05:37:53,233 [main] DEBUG com.upgrad.inventoryservice.InventoryService - Running with Spring Boot v2.4.5, Spring v5.3.6
2022-05-31T05:37:53,237 [main] INFO  com.upgrad.inventoryservice.InventoryService - No active profile set, falling back to default profiles: default
2022-05-31T05:38:00,705 [main] INFO  com.upgrad.inventoryservice.InventoryService - Started InventoryService in 9.048 seconds (JVM running for 12.019)
2022-05-31T05:38:30,613 [http-nio-8071-exec-1] INFO  com.upgrad.inventoryservice.controller.InventoryController - Found item with item-id:1
2022-05-31T05:45:50,565 [http-nio-8071-exec-4] INFO  com.upgrad.inventoryservice.controller.InventoryController - Found item with item-id:1234
2022-05-31T05:45:50,567 [http-nio-8071-exec-4] ERROR com.upgrad.inventoryservice.controller.InventoryController - error while fetching details of item:1234
com.upgrad.inventoryservice.model.InventoryException: Item not available
	at com.upgrad.inventoryservice.service.InventoryServiceImpl.getPrice(InventoryServiceImpl.java:14) ~[classes!/:1.0-SNAPSHOT]
	at com.upgrad.inventoryservice.controller.InventoryController.getItem(InventoryController.java:29) [classes!/:1.0-SNAPSHOT]
	at jdk.internal.reflect.NativeMethodAccessorImpl.invoke0(Native Method) ~[?:?]
	at jdk.internal.reflect.NativeMethodAccessorImpl.invoke(NativeMethodAccessorImpl.java:62) ~[?:?]
	at jdk.internal.reflect.DelegatingMethodAccessorImpl.invoke(DelegatingMethodAccessorImpl.java:43) ~[?:?]
	at java.lang.reflect.Method.invoke(Method.java:566) ~[?:?]
	at org.springframework.web.method.support.InvocableHandlerMethod.doInvoke(InvocableHandlerMethod.java:197) [spring-web-5.3.6.jar!/:5.3.6]
	at org.springframework.web.method.support.InvocableHandlerMethod.invokeForRequest(InvocableHandlerMethod.java:141) [spring-web-5.3.6.jar!/:5.3.6]
	at org.springframework.web.servlet.mvc.method.annotation.ServletInvocableHandlerMethod.invokeAndHandle(ServletInvocableHandlerMethod.java:106) [spring-webmvc-5.3.6.jar!/:5.3.6]
	at org.springframework.web.servlet.mvc.method.annotation.RequestMappingHandlerAdapter.invokeHandlerMethod(RequestMappingHandlerAdapter.java:894) [spring-webmvc-5.3.6.jar!/:5.3.6]
	at org.springframework.web.servlet.mvc.method.annotation.RequestMappingHandlerAdapter.handleInternal(RequestMappingHandlerAdapter.java:808) [spring-webmvc-5.3.6.jar!/:5.3.6]
	at org.springframework.web.servlet.mvc.method.AbstractHandlerMethodAdapter.handle(AbstractHandlerMethodAdapter.java:87) [spring-webmvc-5.3.6.jar!/:5.3.6]
	at org.springframework.web.servlet.DispatcherServlet.doDispatch(DispatcherServlet.java:1060) [spring-webmvc-5.3.6.jar!/:5.3.6]
	at org.springframework.web.servlet.DispatcherServlet.doService(DispatcherServlet.java:962) [spring-webmvc-5.3.6.jar!/:5.3.6]
	at org.springframework.web.servlet.FrameworkServlet.processRequest(FrameworkServlet.java:1006) [spring-webmvc-5.3.6.jar!/:5.3.6]
	at org.springframework.web.servlet.FrameworkServlet.doGet(FrameworkServlet.java:898) [spring-webmvc-5.3.6.jar!/:5.3.6]
	at javax.servlet.http.HttpServlet.service(HttpServlet.java:626) [tomcat-embed-core-9.0.45.jar!/:?]
	at org.springframework.web.servlet.FrameworkServlet.service(FrameworkServlet.java:883) [spring-webmvc-5.3.6.jar!/:5.3.6]
	at javax.servlet.http.HttpServlet.service(HttpServlet.java:733) [tomcat-embed-core-9.0.45.jar!/:?]
	at org.apache.catalina.core.ApplicationFilterChain.internalDoFilter(ApplicationFilterChain.java:227) [tomcat-embed-core-9.0.45.jar!/:?]
	at org.apache.catalina.core.ApplicationFilterChain.doFilter(ApplicationFilterChain.java:162) [tomcat-embed-core-9.0.45.jar!/:?]
	at org.apache.tomcat.websocket.server.WsFilter.doFilter(WsFilter.java:53) [tomcat-embed-websocket-9.0.45.jar!/:?]
	at org.apache.catalina.core.ApplicationFilterChain.internalDoFilter(ApplicationFilterChain.java:189) [tomcat-embed-core-9.0.45.jar!/:?]
	at org.apache.catalina.core.ApplicationFilterChain.doFilter(ApplicationFilterChain.java:162) [tomcat-embed-core-9.0.45.jar!/:?]
	at org.springframework.web.filter.RequestContextFilter.doFilterInternal(RequestContextFilter.java:100) [spring-web-5.3.6.jar!/:5.3.6]
	at org.springframework.web.filter.OncePerRequestFilter.doFilter(OncePerRequestFilter.java:119) [spring-web-5.3.6.jar!/:5.3.6]
	at org.apache.catalina.core.ApplicationFilterChain.internalDoFilter(ApplicationFilterChain.java:189) [tomcat-embed-core-9.0.45.jar!/:?]
	at org.apache.catalina.core.ApplicationFilterChain.doFilter(ApplicationFilterChain.java:162) [tomcat-embed-core-9.0.45.jar!/:?]
	at org.springframework.web.filter.FormContentFilter.doFilterInternal(FormContentFilter.java:93) [spring-web-5.3.6.jar!/:5.3.6]
	at org.springframework.web.filter.OncePerRequestFilter.doFilter(OncePerRequestFilter.java:119) [spring-web-5.3.6.jar!/:5.3.6]
	at org.apache.catalina.core.ApplicationFilterChain.internalDoFilter(ApplicationFilterChain.java:189) [tomcat-embed-core-9.0.45.jar!/:?]
	at org.apache.catalina.core.ApplicationFilterChain.doFilter(ApplicationFilterChain.java:162) [tomcat-embed-core-9.0.45.jar!/:?]
	at org.springframework.boot.actuate.metrics.web.servlet.WebMvcMetricsFilter.doFilterInternal(WebMvcMetricsFilter.java:93) [spring-boot-actuator-2.4.5.jar!/:2.4.5]
	at org.springframework.web.filter.OncePerRequestFilter.doFilter(OncePerRequestFilter.java:119) [spring-web-5.3.6.jar!/:5.3.6]
	at org.apache.catalina.core.ApplicationFilterChain.internalDoFilter(ApplicationFilterChain.java:189) [tomcat-embed-core-9.0.45.jar!/:?]
	at org.apache.catalina.core.ApplicationFilterChain.doFilter(ApplicationFilterChain.java:162) [tomcat-embed-core-9.0.45.jar!/:?]
	at org.springframework.web.filter.CharacterEncodingFilter.doFilterInternal(CharacterEncodingFilter.java:201) [spring-web-5.3.6.jar!/:5.3.6]
	at org.springframework.web.filter.OncePerRequestFilter.doFilter(OncePerRequestFilter.java:119) [spring-web-5.3.6.jar!/:5.3.6]
	at org.apache.catalina.core.ApplicationFilterChain.internalDoFilter(ApplicationFilterChain.java:189) [tomcat-embed-core-9.0.45.jar!/:?]
	at org.apache.catalina.core.ApplicationFilterChain.doFilter(ApplicationFilterChain.java:162) [tomcat-embed-core-9.0.45.jar!/:?]
	at io.opentracing.contrib.web.servlet.filter.TracingFilter.doFilter(TracingFilter.java:189) [opentracing-web-servlet-filter-0.4.0.jar!/:?]
	at org.apache.catalina.core.ApplicationFilterChain.internalDoFilter(ApplicationFilterChain.java:189) [tomcat-embed-core-9.0.45.jar!/:?]
	at org.apache.catalina.core.ApplicationFilterChain.doFilter(ApplicationFilterChain.java:162) [tomcat-embed-core-9.0.45.jar!/:?]
	at org.apache.catalina.core.StandardWrapperValve.invoke(StandardWrapperValve.java:202) [tomcat-embed-core-9.0.45.jar!/:?]
	at org.apache.catalina.core.StandardContextValve.invoke(StandardContextValve.java:97) [tomcat-embed-core-9.0.45.jar!/:?]
	at org.apache.catalina.authenticator.AuthenticatorBase.invoke(AuthenticatorBase.java:542) [tomcat-embed-core-9.0.45.jar!/:?]
	at org.apache.catalina.core.StandardHostValve.invoke(StandardHostValve.java:143) [tomcat-embed-core-9.0.45.jar!/:?]
	at org.apache.catalina.valves.ErrorReportValve.invoke(ErrorReportValve.java:92) [tomcat-embed-core-9.0.45.jar!/:?]
	at org.apache.catalina.core.StandardEngineValve.invoke(StandardEngineValve.java:78) [tomcat-embed-core-9.0.45.jar!/:?]
	at org.apache.catalina.connector.CoyoteAdapter.service(CoyoteAdapter.java:357) [tomcat-embed-core-9.0.45.jar!/:?]
	at org.apache.coyote.http11.Http11Processor.service(Http11Processor.java:374) [tomcat-embed-core-9.0.45.jar!/:?]
	at org.apache.coyote.AbstractProcessorLight.process(AbstractProcessorLight.java:65) [tomcat-embed-core-9.0.45.jar!/:?]
	at org.apache.coyote.AbstractProtocol$ConnectionHandler.process(AbstractProtocol.java:893) [tomcat-embed-core-9.0.45.jar!/:?]
	at org.apache.tomcat.util.net.NioEndpoint$SocketProcessor.doRun(NioEndpoint.java:1707) [tomcat-embed-core-9.0.45.jar!/:?]
	at org.apache.tomcat.util.net.SocketProcessorBase.run(SocketProcessorBase.java:49) [tomcat-embed-core-9.0.45.jar!/:?]
	at java.util.concurrent.ThreadPoolExecutor.runWorker(ThreadPoolExecutor.java:1128) [?:?]
	at java.util.concurrent.ThreadPoolExecutor$Worker.run(ThreadPoolExecutor.java:628) [?:?]
	at org.apache.tomcat.util.threads.TaskThread$WrappingRunnable.run(TaskThread.java:61) [tomcat-embed-core-9.0.45.jar!/:?]
	at java.lang.Thread.run(Thread.java:829) [?:?]
2022-05-31T18:02:49,616 [main] INFO  com.upgrad.inventoryservice.InventoryService - Starting InventoryService v1.0-SNAPSHOT using Java 11.0.15 on e77e6a279844 with PID 1 (/inventory-service.jar started by root in /)
2022-05-31T18:02:49,742 [main] DEBUG com.upgrad.inventoryservice.InventoryService - Running with Spring Boot v2.4.5, Spring v5.3.6
2022-05-31T18:02:49,748 [main] INFO  com.upgrad.inventoryservice.InventoryService - No active profile set, falling back to default profiles: default
2022-05-31T18:02:59,336 [main] INFO  com.upgrad.inventoryservice.InventoryService - Started InventoryService in 11.672 seconds (JVM running for 15.126)
2022-05-31T18:03:42,714 [http-nio-8071-exec-1] INFO  com.upgrad.inventoryservice.controller.InventoryController - Found item with item-id:1234
2022-05-31T18:03:42,716 [http-nio-8071-exec-1] ERROR com.upgrad.inventoryservice.controller.InventoryController - error while fetching details of item:1234
com.upgrad.inventoryservice.model.InventoryException: Item not available
	at com.upgrad.inventoryservice.service.InventoryServiceImpl.getPrice(InventoryServiceImpl.java:14) ~[classes!/:1.0-SNAPSHOT]
	at com.upgrad.inventoryservice.controller.InventoryController.getItem(InventoryController.java:29) [classes!/:1.0-SNAPSHOT]
	at jdk.internal.reflect.NativeMethodAccessorImpl.invoke0(Native Method) ~[?:?]
	at jdk.internal.reflect.NativeMethodAccessorImpl.invoke(NativeMethodAccessorImpl.java:62) ~[?:?]
	at jdk.internal.reflect.DelegatingMethodAccessorImpl.invoke(DelegatingMethodAccessorImpl.java:43) ~[?:?]
	at java.lang.reflect.Method.invoke(Method.java:566) ~[?:?]
	at org.springframework.web.method.support.InvocableHandlerMethod.doInvoke(InvocableHandlerMethod.java:197) [spring-web-5.3.6.jar!/:5.3.6]
	at org.springframework.web.method.support.InvocableHandlerMethod.invokeForRequest(InvocableHandlerMethod.java:141) [spring-web-5.3.6.jar!/:5.3.6]
	at org.springframework.web.servlet.mvc.method.annotation.ServletInvocableHandlerMethod.invokeAndHandle(ServletInvocableHandlerMethod.java:106) [spring-webmvc-5.3.6.jar!/:5.3.6]
	at org.springframework.web.servlet.mvc.method.annotation.RequestMappingHandlerAdapter.invokeHandlerMethod(RequestMappingHandlerAdapter.java:894) [spring-webmvc-5.3.6.jar!/:5.3.6]
	at org.springframework.web.servlet.mvc.method.annotation.RequestMappingHandlerAdapter.handleInternal(RequestMappingHandlerAdapter.java:808) [spring-webmvc-5.3.6.jar!/:5.3.6]
	at org.springframework.web.servlet.mvc.method.AbstractHandlerMethodAdapter.handle(AbstractHandlerMethodAdapter.java:87) [spring-webmvc-5.3.6.jar!/:5.3.6]
	at org.springframework.web.servlet.DispatcherServlet.doDispatch(DispatcherServlet.java:1060) [spring-webmvc-5.3.6.jar!/:5.3.6]
	at org.springframework.web.servlet.DispatcherServlet.doService(DispatcherServlet.java:962) [spring-webmvc-5.3.6.jar!/:5.3.6]
	at org.springframework.web.servlet.FrameworkServlet.processRequest(FrameworkServlet.java:1006) [spring-webmvc-5.3.6.jar!/:5.3.6]
	at org.springframework.web.servlet.FrameworkServlet.doGet(FrameworkServlet.java:898) [spring-webmvc-5.3.6.jar!/:5.3.6]
	at javax.servlet.http.HttpServlet.service(HttpServlet.java:626) [tomcat-embed-core-9.0.45.jar!/:?]
	at org.springframework.web.servlet.FrameworkServlet.service(FrameworkServlet.java:883) [spring-webmvc-5.3.6.jar!/:5.3.6]
	at javax.servlet.http.HttpServlet.service(HttpServlet.java:733) [tomcat-embed-core-9.0.45.jar!/:?]
	at org.apache.catalina.core.ApplicationFilterChain.internalDoFilter(ApplicationFilterChain.java:227) [tomcat-embed-core-9.0.45.jar!/:?]
	at org.apache.catalina.core.ApplicationFilterChain.doFilter(ApplicationFilterChain.java:162) [tomcat-embed-core-9.0.45.jar!/:?]
	at org.apache.tomcat.websocket.server.WsFilter.doFilter(WsFilter.java:53) [tomcat-embed-websocket-9.0.45.jar!/:?]
	at org.apache.catalina.core.ApplicationFilterChain.internalDoFilter(ApplicationFilterChain.java:189) [tomcat-embed-core-9.0.45.jar!/:?]
	at org.apache.catalina.core.ApplicationFilterChain.doFilter(ApplicationFilterChain.java:162) [tomcat-embed-core-9.0.45.jar!/:?]
	at org.springframework.web.filter.RequestContextFilter.doFilterInternal(RequestContextFilter.java:100) [spring-web-5.3.6.jar!/:5.3.6]
	at org.springframework.web.filter.OncePerRequestFilter.doFilter(OncePerRequestFilter.java:119) [spring-web-5.3.6.jar!/:5.3.6]
	at org.apache.catalina.core.ApplicationFilterChain.internalDoFilter(ApplicationFilterChain.java:189) [tomcat-embed-core-9.0.45.jar!/:?]
	at org.apache.catalina.core.ApplicationFilterChain.doFilter(ApplicationFilterChain.java:162) [tomcat-embed-core-9.0.45.jar!/:?]
	at org.springframework.web.filter.FormContentFilter.doFilterInternal(FormContentFilter.java:93) [spring-web-5.3.6.jar!/:5.3.6]
	at org.springframework.web.filter.OncePerRequestFilter.doFilter(OncePerRequestFilter.java:119) [spring-web-5.3.6.jar!/:5.3.6]
	at org.apache.catalina.core.ApplicationFilterChain.internalDoFilter(ApplicationFilterChain.java:189) [tomcat-embed-core-9.0.45.jar!/:?]
	at org.apache.catalina.core.ApplicationFilterChain.doFilter(ApplicationFilterChain.java:162) [tomcat-embed-core-9.0.45.jar!/:?]
	at org.springframework.boot.actuate.metrics.web.servlet.WebMvcMetricsFilter.doFilterInternal(WebMvcMetricsFilter.java:93) [spring-boot-actuator-2.4.5.jar!/:2.4.5]
	at org.springframework.web.filter.OncePerRequestFilter.doFilter(OncePerRequestFilter.java:119) [spring-web-5.3.6.jar!/:5.3.6]
	at org.apache.catalina.core.ApplicationFilterChain.internalDoFilter(ApplicationFilterChain.java:189) [tomcat-embed-core-9.0.45.jar!/:?]
	at org.apache.catalina.core.ApplicationFilterChain.doFilter(ApplicationFilterChain.java:162) [tomcat-embed-core-9.0.45.jar!/:?]
	at org.springframework.web.filter.CharacterEncodingFilter.doFilterInternal(CharacterEncodingFilter.java:201) [spring-web-5.3.6.jar!/:5.3.6]
	at org.springframework.web.filter.OncePerRequestFilter.doFilter(OncePerRequestFilter.java:119) [spring-web-5.3.6.jar!/:5.3.6]
	at org.apache.catalina.core.ApplicationFilterChain.internalDoFilter(ApplicationFilterChain.java:189) [tomcat-embed-core-9.0.45.jar!/:?]
	at org.apache.catalina.core.ApplicationFilterChain.doFilter(ApplicationFilterChain.java:162) [tomcat-embed-core-9.0.45.jar!/:?]
	at io.opentracing.contrib.web.servlet.filter.TracingFilter.doFilter(TracingFilter.java:189) [opentracing-web-servlet-filter-0.4.0.jar!/:?]
	at org.apache.catalina.core.ApplicationFilterChain.internalDoFilter(ApplicationFilterChain.java:189) [tomcat-embed-core-9.0.45.jar!/:?]
	at org.apache.catalina.core.ApplicationFilterChain.doFilter(ApplicationFilterChain.java:162) [tomcat-embed-core-9.0.45.jar!/:?]
	at org.apache.catalina.core.StandardWrapperValve.invoke(StandardWrapperValve.java:202) [tomcat-embed-core-9.0.45.jar!/:?]
	at org.apache.catalina.core.StandardContextValve.invoke(StandardContextValve.java:97) [tomcat-embed-core-9.0.45.jar!/:?]
	at org.apache.catalina.authenticator.AuthenticatorBase.invoke(AuthenticatorBase.java:542) [tomcat-embed-core-9.0.45.jar!/:?]
	at org.apache.catalina.core.StandardHostValve.invoke(StandardHostValve.java:143) [tomcat-embed-core-9.0.45.jar!/:?]
	at org.apache.catalina.valves.ErrorReportValve.invoke(ErrorReportValve.java:92) [tomcat-embed-core-9.0.45.jar!/:?]
	at org.apache.catalina.core.StandardEngineValve.invoke(StandardEngineValve.java:78) [tomcat-embed-core-9.0.45.jar!/:?]
	at org.apache.catalina.connector.CoyoteAdapter.service(CoyoteAdapter.java:357) [tomcat-embed-core-9.0.45.jar!/:?]
	at org.apache.coyote.http11.Http11Processor.service(Http11Processor.java:374) [tomcat-embed-core-9.0.45.jar!/:?]
	at org.apache.coyote.AbstractProcessorLight.process(AbstractProcessorLight.java:65) [tomcat-embed-core-9.0.45.jar!/:?]
	at org.apache.coyote.AbstractProtocol$ConnectionHandler.process(AbstractProtocol.java:893) [tomcat-embed-core-9.0.45.jar!/:?]
	at org.apache.tomcat.util.net.NioEndpoint$SocketProcessor.doRun(NioEndpoint.java:1707) [tomcat-embed-core-9.0.45.jar!/:?]
	at org.apache.tomcat.util.net.SocketProcessorBase.run(SocketProcessorBase.java:49) [tomcat-embed-core-9.0.45.jar!/:?]
	at java.util.concurrent.ThreadPoolExecutor.runWorker(ThreadPoolExecutor.java:1128) [?:?]
	at java.util.concurrent.ThreadPoolExecutor$Worker.run(ThreadPoolExecutor.java:628) [?:?]
	at org.apache.tomcat.util.threads.TaskThread$WrappingRunnable.run(TaskThread.java:61) [tomcat-embed-core-9.0.45.jar!/:?]
	at java.lang.Thread.run(Thread.java:829) [?:?]
2022-05-31T18:03:52,932 [http-nio-8071-exec-2] INFO  com.upgrad.inventoryservice.controller.InventoryController - Found item with item-id:3
2022-05-31T18:23:23,662 [http-nio-8071-exec-4] INFO  com.upgrad.inventoryservice.controller.InventoryController - Found item with item-id:7
2022-05-31T18:23:28,171 [http-nio-8071-exec-6] INFO  com.upgrad.inventoryservice.controller.InventoryController - Found item with item-id:90
2022-05-31T18:23:33,776 [http-nio-8071-exec-5] INFO  com.upgrad.inventoryservice.controller.InventoryController - Found item with item-id:178
2022-05-31T18:23:40,663 [http-nio-8071-exec-7] INFO  com.upgrad.inventoryservice.controller.InventoryController - Found item with item-id:907
2022-05-31T18:23:40,664 [http-nio-8071-exec-7] ERROR com.upgrad.inventoryservice.controller.InventoryController - error while fetching details of item:907
com.upgrad.inventoryservice.model.InventoryException: Item not available
	at com.upgrad.inventoryservice.service.InventoryServiceImpl.getPrice(InventoryServiceImpl.java:14) ~[classes!/:1.0-SNAPSHOT]
	at com.upgrad.inventoryservice.controller.InventoryController.getItem(InventoryController.java:29) [classes!/:1.0-SNAPSHOT]
	at jdk.internal.reflect.NativeMethodAccessorImpl.invoke0(Native Method) ~[?:?]
	at jdk.internal.reflect.NativeMethodAccessorImpl.invoke(NativeMethodAccessorImpl.java:62) ~[?:?]
	at jdk.internal.reflect.DelegatingMethodAccessorImpl.invoke(DelegatingMethodAccessorImpl.java:43) ~[?:?]
	at java.lang.reflect.Method.invoke(Method.java:566) ~[?:?]
	at org.springframework.web.method.support.InvocableHandlerMethod.doInvoke(InvocableHandlerMethod.java:197) [spring-web-5.3.6.jar!/:5.3.6]
	at org.springframework.web.method.support.InvocableHandlerMethod.invokeForRequest(InvocableHandlerMethod.java:141) [spring-web-5.3.6.jar!/:5.3.6]
	at org.springframework.web.servlet.mvc.method.annotation.ServletInvocableHandlerMethod.invokeAndHandle(ServletInvocableHandlerMethod.java:106) [spring-webmvc-5.3.6.jar!/:5.3.6]
	at org.springframework.web.servlet.mvc.method.annotation.RequestMappingHandlerAdapter.invokeHandlerMethod(RequestMappingHandlerAdapter.java:894) [spring-webmvc-5.3.6.jar!/:5.3.6]
	at org.springframework.web.servlet.mvc.method.annotation.RequestMappingHandlerAdapter.handleInternal(RequestMappingHandlerAdapter.java:808) [spring-webmvc-5.3.6.jar!/:5.3.6]
	at org.springframework.web.servlet.mvc.method.AbstractHandlerMethodAdapter.handle(AbstractHandlerMethodAdapter.java:87) [spring-webmvc-5.3.6.jar!/:5.3.6]
	at org.springframework.web.servlet.DispatcherServlet.doDispatch(DispatcherServlet.java:1060) [spring-webmvc-5.3.6.jar!/:5.3.6]
	at org.springframework.web.servlet.DispatcherServlet.doService(DispatcherServlet.java:962) [spring-webmvc-5.3.6.jar!/:5.3.6]
	at org.springframework.web.servlet.FrameworkServlet.processRequest(FrameworkServlet.java:1006) [spring-webmvc-5.3.6.jar!/:5.3.6]
	at org.springframework.web.servlet.FrameworkServlet.doGet(FrameworkServlet.java:898) [spring-webmvc-5.3.6.jar!/:5.3.6]
	at javax.servlet.http.HttpServlet.service(HttpServlet.java:626) [tomcat-embed-core-9.0.45.jar!/:?]
	at org.springframework.web.servlet.FrameworkServlet.service(FrameworkServlet.java:883) [spring-webmvc-5.3.6.jar!/:5.3.6]
	at javax.servlet.http.HttpServlet.service(HttpServlet.java:733) [tomcat-embed-core-9.0.45.jar!/:?]
	at org.apache.catalina.core.ApplicationFilterChain.internalDoFilter(ApplicationFilterChain.java:227) [tomcat-embed-core-9.0.45.jar!/:?]
	at org.apache.catalina.core.ApplicationFilterChain.doFilter(ApplicationFilterChain.java:162) [tomcat-embed-core-9.0.45.jar!/:?]
	at org.apache.tomcat.websocket.server.WsFilter.doFilter(WsFilter.java:53) [tomcat-embed-websocket-9.0.45.jar!/:?]
	at org.apache.catalina.core.ApplicationFilterChain.internalDoFilter(ApplicationFilterChain.java:189) [tomcat-embed-core-9.0.45.jar!/:?]
	at org.apache.catalina.core.ApplicationFilterChain.doFilter(ApplicationFilterChain.java:162) [tomcat-embed-core-9.0.45.jar!/:?]
	at org.springframework.web.filter.RequestContextFilter.doFilterInternal(RequestContextFilter.java:100) [spring-web-5.3.6.jar!/:5.3.6]
	at org.springframework.web.filter.OncePerRequestFilter.doFilter(OncePerRequestFilter.java:119) [spring-web-5.3.6.jar!/:5.3.6]
	at org.apache.catalina.core.ApplicationFilterChain.internalDoFilter(ApplicationFilterChain.java:189) [tomcat-embed-core-9.0.45.jar!/:?]
	at org.apache.catalina.core.ApplicationFilterChain.doFilter(ApplicationFilterChain.java:162) [tomcat-embed-core-9.0.45.jar!/:?]
	at org.springframework.web.filter.FormContentFilter.doFilterInternal(FormContentFilter.java:93) [spring-web-5.3.6.jar!/:5.3.6]
	at org.springframework.web.filter.OncePerRequestFilter.doFilter(OncePerRequestFilter.java:119) [spring-web-5.3.6.jar!/:5.3.6]
	at org.apache.catalina.core.ApplicationFilterChain.internalDoFilter(ApplicationFilterChain.java:189) [tomcat-embed-core-9.0.45.jar!/:?]
	at org.apache.catalina.core.ApplicationFilterChain.doFilter(ApplicationFilterChain.java:162) [tomcat-embed-core-9.0.45.jar!/:?]
	at org.springframework.boot.actuate.metrics.web.servlet.WebMvcMetricsFilter.doFilterInternal(WebMvcMetricsFilter.java:93) [spring-boot-actuator-2.4.5.jar!/:2.4.5]
	at org.springframework.web.filter.OncePerRequestFilter.doFilter(OncePerRequestFilter.java:119) [spring-web-5.3.6.jar!/:5.3.6]
	at org.apache.catalina.core.ApplicationFilterChain.internalDoFilter(ApplicationFilterChain.java:189) [tomcat-embed-core-9.0.45.jar!/:?]
	at org.apache.catalina.core.ApplicationFilterChain.doFilter(ApplicationFilterChain.java:162) [tomcat-embed-core-9.0.45.jar!/:?]
	at org.springframework.web.filter.CharacterEncodingFilter.doFilterInternal(CharacterEncodingFilter.java:201) [spring-web-5.3.6.jar!/:5.3.6]
	at org.springframework.web.filter.OncePerRequestFilter.doFilter(OncePerRequestFilter.java:119) [spring-web-5.3.6.jar!/:5.3.6]
	at org.apache.catalina.core.ApplicationFilterChain.internalDoFilter(ApplicationFilterChain.java:189) [tomcat-embed-core-9.0.45.jar!/:?]
	at org.apache.catalina.core.ApplicationFilterChain.doFilter(ApplicationFilterChain.java:162) [tomcat-embed-core-9.0.45.jar!/:?]
	at io.opentracing.contrib.web.servlet.filter.TracingFilter.doFilter(TracingFilter.java:189) [opentracing-web-servlet-filter-0.4.0.jar!/:?]
	at org.apache.catalina.core.ApplicationFilterChain.internalDoFilter(ApplicationFilterChain.java:189) [tomcat-embed-core-9.0.45.jar!/:?]
	at org.apache.catalina.core.ApplicationFilterChain.doFilter(ApplicationFilterChain.java:162) [tomcat-embed-core-9.0.45.jar!/:?]
	at org.apache.catalina.core.StandardWrapperValve.invoke(StandardWrapperValve.java:202) [tomcat-embed-core-9.0.45.jar!/:?]
	at org.apache.catalina.core.StandardContextValve.invoke(StandardContextValve.java:97) [tomcat-embed-core-9.0.45.jar!/:?]
	at org.apache.catalina.authenticator.AuthenticatorBase.invoke(AuthenticatorBase.java:542) [tomcat-embed-core-9.0.45.jar!/:?]
	at org.apache.catalina.core.StandardHostValve.invoke(StandardHostValve.java:143) [tomcat-embed-core-9.0.45.jar!/:?]
	at org.apache.catalina.valves.ErrorReportValve.invoke(ErrorReportValve.java:92) [tomcat-embed-core-9.0.45.jar!/:?]
	at org.apache.catalina.core.StandardEngineValve.invoke(StandardEngineValve.java:78) [tomcat-embed-core-9.0.45.jar!/:?]
	at org.apache.catalina.connector.CoyoteAdapter.service(CoyoteAdapter.java:357) [tomcat-embed-core-9.0.45.jar!/:?]
	at org.apache.coyote.http11.Http11Processor.service(Http11Processor.java:374) [tomcat-embed-core-9.0.45.jar!/:?]
	at org.apache.coyote.AbstractProcessorLight.process(AbstractProcessorLight.java:65) [tomcat-embed-core-9.0.45.jar!/:?]
	at org.apache.coyote.AbstractProtocol$ConnectionHandler.process(AbstractProtocol.java:893) [tomcat-embed-core-9.0.45.jar!/:?]
	at org.apache.tomcat.util.net.NioEndpoint$SocketProcessor.doRun(NioEndpoint.java:1707) [tomcat-embed-core-9.0.45.jar!/:?]
	at org.apache.tomcat.util.net.SocketProcessorBase.run(SocketProcessorBase.java:49) [tomcat-embed-core-9.0.45.jar!/:?]
	at java.util.concurrent.ThreadPoolExecutor.runWorker(ThreadPoolExecutor.java:1128) [?:?]
	at java.util.concurrent.ThreadPoolExecutor$Worker.run(ThreadPoolExecutor.java:628) [?:?]
	at org.apache.tomcat.util.threads.TaskThread$WrappingRunnable.run(TaskThread.java:61) [tomcat-embed-core-9.0.45.jar!/:?]
	at java.lang.Thread.run(Thread.java:829) [?:?]
2022-05-31T19:35:05,862 [main] INFO  com.upgrad.inventoryservice.InventoryService - Starting InventoryService v1.0-SNAPSHOT using Java 11.0.15 on 28a765c11ea5 with PID 1 (/inventory-service.jar started by root in /)
2022-05-31T19:35:05,966 [main] DEBUG com.upgrad.inventoryservice.InventoryService - Running with Spring Boot v2.4.5, Spring v5.3.6
2022-05-31T19:35:05,977 [main] INFO  com.upgrad.inventoryservice.InventoryService - No active profile set, falling back to default profiles: default
2022-05-31T19:35:13,785 [main] INFO  com.upgrad.inventoryservice.InventoryService - Started InventoryService in 9.524 seconds (JVM running for 12.644)
2022-05-31T19:35:47,508 [http-nio-8071-exec-1] INFO  com.upgrad.inventoryservice.controller.InventoryController - Found item with item-id:907
2022-05-31T19:35:47,511 [http-nio-8071-exec-1] ERROR com.upgrad.inventoryservice.controller.InventoryController - error while fetching details of item:907
com.upgrad.inventoryservice.model.InventoryException: Item not available
	at com.upgrad.inventoryservice.service.InventoryServiceImpl.getPrice(InventoryServiceImpl.java:14) ~[classes!/:1.0-SNAPSHOT]
	at com.upgrad.inventoryservice.controller.InventoryController.getItem(InventoryController.java:29) [classes!/:1.0-SNAPSHOT]
	at jdk.internal.reflect.NativeMethodAccessorImpl.invoke0(Native Method) ~[?:?]
	at jdk.internal.reflect.NativeMethodAccessorImpl.invoke(NativeMethodAccessorImpl.java:62) ~[?:?]
	at jdk.internal.reflect.DelegatingMethodAccessorImpl.invoke(DelegatingMethodAccessorImpl.java:43) ~[?:?]
	at java.lang.reflect.Method.invoke(Method.java:566) ~[?:?]
	at org.springframework.web.method.support.InvocableHandlerMethod.doInvoke(InvocableHandlerMethod.java:197) [spring-web-5.3.6.jar!/:5.3.6]
	at org.springframework.web.method.support.InvocableHandlerMethod.invokeForRequest(InvocableHandlerMethod.java:141) [spring-web-5.3.6.jar!/:5.3.6]
	at org.springframework.web.servlet.mvc.method.annotation.ServletInvocableHandlerMethod.invokeAndHandle(ServletInvocableHandlerMethod.java:106) [spring-webmvc-5.3.6.jar!/:5.3.6]
	at org.springframework.web.servlet.mvc.method.annotation.RequestMappingHandlerAdapter.invokeHandlerMethod(RequestMappingHandlerAdapter.java:894) [spring-webmvc-5.3.6.jar!/:5.3.6]
	at org.springframework.web.servlet.mvc.method.annotation.RequestMappingHandlerAdapter.handleInternal(RequestMappingHandlerAdapter.java:808) [spring-webmvc-5.3.6.jar!/:5.3.6]
	at org.springframework.web.servlet.mvc.method.AbstractHandlerMethodAdapter.handle(AbstractHandlerMethodAdapter.java:87) [spring-webmvc-5.3.6.jar!/:5.3.6]
	at org.springframework.web.servlet.DispatcherServlet.doDispatch(DispatcherServlet.java:1060) [spring-webmvc-5.3.6.jar!/:5.3.6]
	at org.springframework.web.servlet.DispatcherServlet.doService(DispatcherServlet.java:962) [spring-webmvc-5.3.6.jar!/:5.3.6]
	at org.springframework.web.servlet.FrameworkServlet.processRequest(FrameworkServlet.java:1006) [spring-webmvc-5.3.6.jar!/:5.3.6]
	at org.springframework.web.servlet.FrameworkServlet.doGet(FrameworkServlet.java:898) [spring-webmvc-5.3.6.jar!/:5.3.6]
	at javax.servlet.http.HttpServlet.service(HttpServlet.java:626) [tomcat-embed-core-9.0.45.jar!/:?]
	at org.springframework.web.servlet.FrameworkServlet.service(FrameworkServlet.java:883) [spring-webmvc-5.3.6.jar!/:5.3.6]
	at javax.servlet.http.HttpServlet.service(HttpServlet.java:733) [tomcat-embed-core-9.0.45.jar!/:?]
	at org.apache.catalina.core.ApplicationFilterChain.internalDoFilter(ApplicationFilterChain.java:227) [tomcat-embed-core-9.0.45.jar!/:?]
	at org.apache.catalina.core.ApplicationFilterChain.doFilter(ApplicationFilterChain.java:162) [tomcat-embed-core-9.0.45.jar!/:?]
	at org.apache.tomcat.websocket.server.WsFilter.doFilter(WsFilter.java:53) [tomcat-embed-websocket-9.0.45.jar!/:?]
	at org.apache.catalina.core.ApplicationFilterChain.internalDoFilter(ApplicationFilterChain.java:189) [tomcat-embed-core-9.0.45.jar!/:?]
	at org.apache.catalina.core.ApplicationFilterChain.doFilter(ApplicationFilterChain.java:162) [tomcat-embed-core-9.0.45.jar!/:?]
	at org.springframework.web.filter.RequestContextFilter.doFilterInternal(RequestContextFilter.java:100) [spring-web-5.3.6.jar!/:5.3.6]
	at org.springframework.web.filter.OncePerRequestFilter.doFilter(OncePerRequestFilter.java:119) [spring-web-5.3.6.jar!/:5.3.6]
	at org.apache.catalina.core.ApplicationFilterChain.internalDoFilter(ApplicationFilterChain.java:189) [tomcat-embed-core-9.0.45.jar!/:?]
	at org.apache.catalina.core.ApplicationFilterChain.doFilter(ApplicationFilterChain.java:162) [tomcat-embed-core-9.0.45.jar!/:?]
	at org.springframework.web.filter.FormContentFilter.doFilterInternal(FormContentFilter.java:93) [spring-web-5.3.6.jar!/:5.3.6]
	at org.springframework.web.filter.OncePerRequestFilter.doFilter(OncePerRequestFilter.java:119) [spring-web-5.3.6.jar!/:5.3.6]
	at org.apache.catalina.core.ApplicationFilterChain.internalDoFilter(ApplicationFilterChain.java:189) [tomcat-embed-core-9.0.45.jar!/:?]
	at org.apache.catalina.core.ApplicationFilterChain.doFilter(ApplicationFilterChain.java:162) [tomcat-embed-core-9.0.45.jar!/:?]
	at org.springframework.boot.actuate.metrics.web.servlet.WebMvcMetricsFilter.doFilterInternal(WebMvcMetricsFilter.java:93) [spring-boot-actuator-2.4.5.jar!/:2.4.5]
	at org.springframework.web.filter.OncePerRequestFilter.doFilter(OncePerRequestFilter.java:119) [spring-web-5.3.6.jar!/:5.3.6]
	at org.apache.catalina.core.ApplicationFilterChain.internalDoFilter(ApplicationFilterChain.java:189) [tomcat-embed-core-9.0.45.jar!/:?]
	at org.apache.catalina.core.ApplicationFilterChain.doFilter(ApplicationFilterChain.java:162) [tomcat-embed-core-9.0.45.jar!/:?]
	at org.springframework.web.filter.CharacterEncodingFilter.doFilterInternal(CharacterEncodingFilter.java:201) [spring-web-5.3.6.jar!/:5.3.6]
	at org.springframework.web.filter.OncePerRequestFilter.doFilter(OncePerRequestFilter.java:119) [spring-web-5.3.6.jar!/:5.3.6]
	at org.apache.catalina.core.ApplicationFilterChain.internalDoFilter(ApplicationFilterChain.java:189) [tomcat-embed-core-9.0.45.jar!/:?]
	at org.apache.catalina.core.ApplicationFilterChain.doFilter(ApplicationFilterChain.java:162) [tomcat-embed-core-9.0.45.jar!/:?]
	at io.opentracing.contrib.web.servlet.filter.TracingFilter.doFilter(TracingFilter.java:189) [opentracing-web-servlet-filter-0.4.0.jar!/:?]
	at org.apache.catalina.core.ApplicationFilterChain.internalDoFilter(ApplicationFilterChain.java:189) [tomcat-embed-core-9.0.45.jar!/:?]
	at org.apache.catalina.core.ApplicationFilterChain.doFilter(ApplicationFilterChain.java:162) [tomcat-embed-core-9.0.45.jar!/:?]
	at org.apache.catalina.core.StandardWrapperValve.invoke(StandardWrapperValve.java:202) [tomcat-embed-core-9.0.45.jar!/:?]
	at org.apache.catalina.core.StandardContextValve.invoke(StandardContextValve.java:97) [tomcat-embed-core-9.0.45.jar!/:?]
	at org.apache.catalina.authenticator.AuthenticatorBase.invoke(AuthenticatorBase.java:542) [tomcat-embed-core-9.0.45.jar!/:?]
	at org.apache.catalina.core.StandardHostValve.invoke(StandardHostValve.java:143) [tomcat-embed-core-9.0.45.jar!/:?]
	at org.apache.catalina.valves.ErrorReportValve.invoke(ErrorReportValve.java:92) [tomcat-embed-core-9.0.45.jar!/:?]
	at org.apache.catalina.core.StandardEngineValve.invoke(StandardEngineValve.java:78) [tomcat-embed-core-9.0.45.jar!/:?]
	at org.apache.catalina.connector.CoyoteAdapter.service(CoyoteAdapter.java:357) [tomcat-embed-core-9.0.45.jar!/:?]
	at org.apache.coyote.http11.Http11Processor.service(Http11Processor.java:374) [tomcat-embed-core-9.0.45.jar!/:?]
	at org.apache.coyote.AbstractProcessorLight.process(AbstractProcessorLight.java:65) [tomcat-embed-core-9.0.45.jar!/:?]
	at org.apache.coyote.AbstractProtocol$ConnectionHandler.process(AbstractProtocol.java:893) [tomcat-embed-core-9.0.45.jar!/:?]
	at org.apache.tomcat.util.net.NioEndpoint$SocketProcessor.doRun(NioEndpoint.java:1707) [tomcat-embed-core-9.0.45.jar!/:?]
	at org.apache.tomcat.util.net.SocketProcessorBase.run(SocketProcessorBase.java:49) [tomcat-embed-core-9.0.45.jar!/:?]
	at java.util.concurrent.ThreadPoolExecutor.runWorker(ThreadPoolExecutor.java:1128) [?:?]
	at java.util.concurrent.ThreadPoolExecutor$Worker.run(ThreadPoolExecutor.java:628) [?:?]
	at org.apache.tomcat.util.threads.TaskThread$WrappingRunnable.run(TaskThread.java:61) [tomcat-embed-core-9.0.45.jar!/:?]
	at java.lang.Thread.run(Thread.java:829) [?:?]
2022-05-31T19:36:00,132 [http-nio-8071-exec-2] INFO  com.upgrad.inventoryservice.controller.InventoryController - Found item with item-id:10
2022-05-31T19:37:20,203 [http-nio-8071-exec-4] INFO  com.upgrad.inventoryservice.controller.InventoryController - Found item with item-id:10
2022-05-31T19:37:36,265 [http-nio-8071-exec-5] INFO  com.upgrad.inventoryservice.controller.InventoryController - Found item with item-id:10
2022-05-31T19:39:00,339 [http-nio-8071-exec-7] INFO  com.upgrad.inventoryservice.controller.InventoryController - Found item with item-id:10
2022-05-31T19:40:42,925 [http-nio-8071-exec-9] INFO  com.upgrad.inventoryservice.controller.InventoryController - Found item with item-id:10
2022-05-31T19:53:17,326 [main] INFO  com.upgrad.inventoryservice.InventoryService - Starting InventoryService v1.0-SNAPSHOT using Java 11.0.15 on ab5495d6f950 with PID 1 (/inventory-service.jar started by root in /)
2022-05-31T19:53:17,381 [main] DEBUG com.upgrad.inventoryservice.InventoryService - Running with Spring Boot v2.4.5, Spring v5.3.6
2022-05-31T19:53:17,383 [main] INFO  com.upgrad.inventoryservice.InventoryService - No active profile set, falling back to default profiles: default
2022-05-31T19:53:25,011 [main] INFO  com.upgrad.inventoryservice.InventoryService - Started InventoryService in 8.95 seconds (JVM running for 12.022)
2022-05-31T20:11:00,612 [http-nio-8071-exec-1] INFO  com.upgrad.inventoryservice.controller.InventoryController - Found item with item-id:10
2022-05-31T20:11:03,271 [http-nio-8071-exec-2] INFO  com.upgrad.inventoryservice.controller.InventoryController - Found item with item-id:10
2022-05-31T20:11:04,359 [http-nio-8071-exec-3] INFO  com.upgrad.inventoryservice.controller.InventoryController - Found item with item-id:10
2022-05-31T20:11:05,652 [http-nio-8071-exec-4] INFO  com.upgrad.inventoryservice.controller.InventoryController - Found item with item-id:10
2022-05-31T20:11:07,054 [http-nio-8071-exec-6] INFO  com.upgrad.inventoryservice.controller.InventoryController - Found item with item-id:10
2022-05-31T20:11:08,189 [http-nio-8071-exec-5] INFO  com.upgrad.inventoryservice.controller.InventoryController - Found item with item-id:10
2022-05-31T20:11:08,702 [http-nio-8071-exec-8] INFO  com.upgrad.inventoryservice.controller.InventoryController - Found item with item-id:10
2022-05-31T20:11:09,128 [http-nio-8071-exec-9] INFO  com.upgrad.inventoryservice.controller.InventoryController - Found item with item-id:10
2022-05-31T20:11:09,545 [http-nio-8071-exec-7] INFO  com.upgrad.inventoryservice.controller.InventoryController - Found item with item-id:10
2022-05-31T20:11:10,147 [http-nio-8071-exec-10] INFO  com.upgrad.inventoryservice.controller.InventoryController - Found item with item-id:10
2022-05-31T20:11:10,545 [http-nio-8071-exec-1] INFO  com.upgrad.inventoryservice.controller.InventoryController - Found item with item-id:10
2022-05-31T20:11:12,127 [http-nio-8071-exec-2] INFO  com.upgrad.inventoryservice.controller.InventoryController - Found item with item-id:10
2022-05-31T20:11:13,380 [http-nio-8071-exec-3] INFO  com.upgrad.inventoryservice.controller.InventoryController - Found item with item-id:10
2022-05-31T20:11:14,539 [http-nio-8071-exec-4] INFO  com.upgrad.inventoryservice.controller.InventoryController - Found item with item-id:10
2022-05-31T20:14:32,343 [http-nio-8071-exec-5] INFO  com.upgrad.inventoryservice.controller.InventoryController - Found item with item-id:10
2022-05-31T20:14:34,064 [http-nio-8071-exec-8] INFO  com.upgrad.inventoryservice.controller.InventoryController - Found item with item-id:10
2022-05-31T20:14:35,352 [http-nio-8071-exec-9] INFO  com.upgrad.inventoryservice.controller.InventoryController - Found item with item-id:10
2022-05-31T20:14:36,445 [http-nio-8071-exec-7] INFO  com.upgrad.inventoryservice.controller.InventoryController - Found item with item-id:10
2022-05-31T20:14:37,646 [http-nio-8071-exec-10] INFO  com.upgrad.inventoryservice.controller.InventoryController - Found item with item-id:10
2022-05-31T20:14:38,466 [http-nio-8071-exec-1] INFO  com.upgrad.inventoryservice.controller.InventoryController - Found item with item-id:10
2022-05-31T20:14:38,873 [http-nio-8071-exec-2] INFO  com.upgrad.inventoryservice.controller.InventoryController - Found item with item-id:10
2022-05-31T20:14:39,320 [http-nio-8071-exec-3] INFO  com.upgrad.inventoryservice.controller.InventoryController - Found item with item-id:10
2022-05-31T20:14:39,769 [http-nio-8071-exec-4] INFO  com.upgrad.inventoryservice.controller.InventoryController - Found item with item-id:10
2022-05-31T20:14:40,246 [http-nio-8071-exec-6] INFO  com.upgrad.inventoryservice.controller.InventoryController - Found item with item-id:10
2022-05-31T20:14:40,740 [http-nio-8071-exec-5] INFO  com.upgrad.inventoryservice.controller.InventoryController - Found item with item-id:10
2022-05-31T20:14:41,147 [http-nio-8071-exec-8] INFO  com.upgrad.inventoryservice.controller.InventoryController - Found item with item-id:10
2022-05-31T20:14:41,578 [http-nio-8071-exec-9] INFO  com.upgrad.inventoryservice.controller.InventoryController - Found item with item-id:10
2022-05-31T20:14:42,015 [http-nio-8071-exec-7] INFO  com.upgrad.inventoryservice.controller.InventoryController - Found item with item-id:10
2022-05-31T20:14:42,452 [http-nio-8071-exec-10] INFO  com.upgrad.inventoryservice.controller.InventoryController - Found item with item-id:10
2022-05-31T20:14:42,943 [http-nio-8071-exec-1] INFO  com.upgrad.inventoryservice.controller.InventoryController - Found item with item-id:10
2022-05-31T20:14:43,519 [http-nio-8071-exec-2] INFO  com.upgrad.inventoryservice.controller.InventoryController - Found item with item-id:10
2022-05-31T20:20:11,011 [http-nio-8071-exec-4] INFO  com.upgrad.inventoryservice.controller.InventoryController - Found item with item-id:10
2022-05-31T20:20:12,523 [http-nio-8071-exec-6] INFO  com.upgrad.inventoryservice.controller.InventoryController - Found item with item-id:10
2022-05-31T20:20:13,761 [http-nio-8071-exec-5] INFO  com.upgrad.inventoryservice.controller.InventoryController - Found item with item-id:10
2022-05-31T20:20:14,814 [http-nio-8071-exec-8] INFO  com.upgrad.inventoryservice.controller.InventoryController - Found item with item-id:10
2022-05-31T20:22:27,320 [http-nio-8071-exec-7] INFO  com.upgrad.inventoryservice.controller.InventoryController - Found item with item-id:18
2022-05-31T20:22:55,008 [http-nio-8071-exec-10] INFO  com.upgrad.inventoryservice.controller.InventoryController - Found item with item-id:10
2022-05-31T20:27:12,922 [http-nio-8071-exec-2] INFO  com.upgrad.inventoryservice.controller.InventoryController - Found item with item-id:10
2022-05-31T20:27:15,094 [http-nio-8071-exec-3] INFO  com.upgrad.inventoryservice.controller.InventoryController - Found item with item-id:10
2022-05-31T20:27:16,751 [http-nio-8071-exec-4] INFO  com.upgrad.inventoryservice.controller.InventoryController - Found item with item-id:10
2022-05-31T20:27:18,889 [http-nio-8071-exec-6] INFO  com.upgrad.inventoryservice.controller.InventoryController - Found item with item-id:10
2022-05-31T20:27:20,395 [http-nio-8071-exec-5] INFO  com.upgrad.inventoryservice.controller.InventoryController - Found item with item-id:10
2022-05-31T20:27:21,898 [http-nio-8071-exec-8] INFO  com.upgrad.inventoryservice.controller.InventoryController - Found item with item-id:10
2022-05-31T20:35:29,636 [http-nio-8071-exec-7] INFO  com.upgrad.inventoryservice.controller.InventoryController - Found item with item-id:10
2022-05-31T20:35:51,078 [http-nio-8071-exec-10] INFO  com.upgrad.inventoryservice.controller.InventoryController - Found item with item-id:9
2022-05-31T20:35:55,085 [http-nio-8071-exec-1] INFO  com.upgrad.inventoryservice.controller.InventoryController - Found item with item-id:9
2022-05-31T20:35:56,683 [http-nio-8071-exec-2] INFO  com.upgrad.inventoryservice.controller.InventoryController - Found item with item-id:9
2022-05-31T20:36:00,980 [http-nio-8071-exec-3] INFO  com.upgrad.inventoryservice.controller.InventoryController - Found item with item-id:9
2022-05-31T20:36:03,412 [http-nio-8071-exec-4] INFO  com.upgrad.inventoryservice.controller.InventoryController - Found item with item-id:9
2022-05-31T20:36:03,891 [http-nio-8071-exec-6] INFO  com.upgrad.inventoryservice.controller.InventoryController - Found item with item-id:9
2022-05-31T20:36:04,334 [http-nio-8071-exec-5] INFO  com.upgrad.inventoryservice.controller.InventoryController - Found item with item-id:9
2022-05-31T20:36:04,787 [http-nio-8071-exec-8] INFO  com.upgrad.inventoryservice.controller.InventoryController - Found item with item-id:9
2022-05-31T20:36:05,214 [http-nio-8071-exec-9] INFO  com.upgrad.inventoryservice.controller.InventoryController - Found item with item-id:9
2022-05-31T20:36:05,615 [http-nio-8071-exec-7] INFO  com.upgrad.inventoryservice.controller.InventoryController - Found item with item-id:9
2022-05-31T20:36:06,159 [http-nio-8071-exec-10] INFO  com.upgrad.inventoryservice.controller.InventoryController - Found item with item-id:9
2022-05-31T20:36:06,695 [http-nio-8071-exec-1] INFO  com.upgrad.inventoryservice.controller.InventoryController - Found item with item-id:9
2022-05-31T20:36:07,100 [http-nio-8071-exec-2] INFO  com.upgrad.inventoryservice.controller.InventoryController - Found item with item-id:9
2022-05-31T20:36:07,628 [http-nio-8071-exec-3] INFO  com.upgrad.inventoryservice.controller.InventoryController - Found item with item-id:9
2022-05-31T20:36:08,064 [http-nio-8071-exec-4] INFO  com.upgrad.inventoryservice.controller.InventoryController - Found item with item-id:9
2022-05-31T20:36:08,522 [http-nio-8071-exec-6] INFO  com.upgrad.inventoryservice.controller.InventoryController - Found item with item-id:9
2022-05-31T20:36:08,987 [http-nio-8071-exec-5] INFO  com.upgrad.inventoryservice.controller.InventoryController - Found item with item-id:9
2022-05-31T20:36:10,286 [http-nio-8071-exec-8] INFO  com.upgrad.inventoryservice.controller.InventoryController - Found item with item-id:9
2022-05-31T20:36:10,800 [http-nio-8071-exec-9] INFO  com.upgrad.inventoryservice.controller.InventoryController - Found item with item-id:9
2022-05-31T20:36:11,263 [http-nio-8071-exec-7] INFO  com.upgrad.inventoryservice.controller.InventoryController - Found item with item-id:9
2022-05-31T20:36:11,743 [http-nio-8071-exec-10] INFO  com.upgrad.inventoryservice.controller.InventoryController - Found item with item-id:9
2022-05-31T20:36:12,128 [http-nio-8071-exec-1] INFO  com.upgrad.inventoryservice.controller.InventoryController - Found item with item-id:9
2022-05-31T20:36:12,588 [http-nio-8071-exec-2] INFO  com.upgrad.inventoryservice.controller.InventoryController - Found item with item-id:9
2022-05-31T20:36:13,010 [http-nio-8071-exec-3] INFO  com.upgrad.inventoryservice.controller.InventoryController - Found item with item-id:9
2022-05-31T20:36:13,448 [http-nio-8071-exec-4] INFO  com.upgrad.inventoryservice.controller.InventoryController - Found item with item-id:9
2022-05-31T20:36:13,972 [http-nio-8071-exec-6] INFO  com.upgrad.inventoryservice.controller.InventoryController - Found item with item-id:9
2022-05-31T20:36:14,440 [http-nio-8071-exec-5] INFO  com.upgrad.inventoryservice.controller.InventoryController - Found item with item-id:9
2022-05-31T20:36:14,994 [http-nio-8071-exec-8] INFO  com.upgrad.inventoryservice.controller.InventoryController - Found item with item-id:9
2022-05-31T20:36:15,586 [http-nio-8071-exec-9] INFO  com.upgrad.inventoryservice.controller.InventoryController - Found item with item-id:9
2022-06-06T20:54:35,289 [main] INFO  com.upgrad.inventoryservice.InventoryService - Starting InventoryService v1.0-SNAPSHOT using Java 11.0.15 on 9dc94c6d853e with PID 1 (/inventory-service.jar started by root in /)
2022-06-06T20:54:35,308 [main] DEBUG com.upgrad.inventoryservice.InventoryService - Running with Spring Boot v2.4.5, Spring v5.3.6
2022-06-06T20:54:35,312 [main] INFO  com.upgrad.inventoryservice.InventoryService - No active profile set, falling back to default profiles: default
2022-06-06T20:54:42,725 [main] INFO  com.upgrad.inventoryservice.InventoryService - Started InventoryService in 8.611 seconds (JVM running for 11.317)
